<?xml version="1.0" encoding="UTF-8"?>
<!-- Generated by org.testng.reporters.JUnitReportReporter -->
<testsuite hostname="Anshul-Laptop" failures="0" tests="2" name="restassuredscripts.Script002GetMethod" time="3.324" errors="0" timestamp="2023-12-15T11:49:23 IST" skipped="1">
  <testcase classname="restassuredscripts.Script002GetMethod" name="GetMethodBDDStyle" time="3.324"/>
  <system-out/>
  <testcase classname="restassuredscripts.Script002GetMethod" name="httpGetMethod">
    <skipped/>
  </testcase> <!-- httpGetMethod -->
  <system-out/>
</testsuite> <!-- restassuredscripts.Script002GetMethod -->
