<?xml version="1.0" encoding="UTF-8"?>
<!-- Generated by org.testng.reporters.JUnitReportReporter -->
<testsuite hostname="Anshul-Laptop" failures="0" tests="1" name="restassuredscripts.Script012_SSLAuthentication" time="5.733" errors="0" timestamp="2023-12-19T10:55:16 IST" skipped="0">
  <testcase classname="restassuredscripts.Script012_SSLAuthentication" name="SSL_Authentication" time="5.733"/>
  <system-out/>
</testsuite> <!-- restassuredscripts.Script012_SSLAuthentication -->
