<?xml version="1.0" encoding="UTF-8"?>
<!-- Generated by org.testng.reporters.JUnitReportReporter -->
<testsuite hostname="Anshul-Laptop" failures="0" tests="2" name="restassuredscripts.Script009PayPalOauth2" time="5.134" errors="0" timestamp="2023-12-18T13:32:56 IST" skipped="0">
  <testcase classname="restassuredscripts.Script009PayPalOauth2" name="GetAccessToken" time="4.375"/>
  <system-out/>
  <testcase classname="restassuredscripts.Script009PayPalOauth2" name="paypalTestInvoiceAPI" time="0.759"/>
  <system-out/>
</testsuite> <!-- restassuredscripts.Script009PayPalOauth2 -->
