<?xml version="1.0" encoding="UTF-8"?>
<!-- Generated by org.testng.reporters.JUnitReportReporter -->
<testsuite hostname="Anshul-Laptop" failures="0" tests="1" name="restassuredscripts.Script02GetMethod" time="2.049" errors="0" timestamp="2023-12-15T11:13:32 IST" skipped="0">
  <testcase classname="restassuredscripts.Script02GetMethod" name="httpGetMethod" time="2.049"/>
  <system-out/>
</testsuite> <!-- restassuredscripts.Script02GetMethod -->
