<?xml version="1.0" encoding="UTF-8"?>
<!-- Generated by org.testng.reporters.JUnitReportReporter -->
<testsuite hostname="Anshul-Laptop" failures="0" tests="3" name="restassuredscripts.Script006PostmanAPIKey" time="8.379" errors="0" timestamp="2023-12-18T15:19:53 IST" skipped="0">
  <testcase classname="restassuredscripts.Script006PostmanAPIKey" name="postmangetReq" time="4.263"/>
  <system-out/>
  <testcase classname="restassuredscripts.Script006PostmanAPIKey" name="extract_value_response" time="2.403"/>
  <system-out/>
  <testcase classname="restassuredscripts.Script006PostmanAPIKey" name="extract_response_JSONPath" time="1.713"/>
  <system-out/>
</testsuite> <!-- restassuredscripts.Script006PostmanAPIKey -->
