<?xml version="1.0" encoding="UTF-8"?>
<!-- Generated by org.testng.reporters.JUnitReportReporter -->
<testsuite hostname="Anshul-Laptop" failures="0" tests="2" name="restassuredscripts.Script008GitHubBearerToken" time="3.018" errors="0" timestamp="2023-12-18T11:35:00 IST" skipped="0">
  <testcase classname="restassuredscripts.Script008GitHubBearerToken" name="Authorization_bearertoken" time="2.534"/>
  <system-out/>
  <testcase classname="restassuredscripts.Script008GitHubBearerToken" name="Authorization_bearertoken_specificRepo" time="0.484"/>
  <system-out/>
</testsuite> <!-- restassuredscripts.Script008GitHubBearerToken -->
