<?xml version="1.0" encoding="UTF-8"?>
<!-- Generated by org.testng.reporters.JUnitReportReporter -->
<testsuite hostname="Anshul-Laptop" failures="0" tests="1" name="courseProject.Log4jDemo" time="0.020" errors="0" timestamp="2023-12-19T14:24:41 IST" skipped="0">
  <testcase classname="courseProject.Log4jDemo" name="method1" time="0.020"/>
  <system-out/>
</testsuite> <!-- courseProject.Log4jDemo -->
