<?xml version="1.0" encoding="UTF-8"?>
<!-- Generated by org.testng.reporters.JUnitReportReporter -->
<testsuite hostname="Anshul-Laptop" failures="0" tests="3" name="restassuredscripts.Script007HamcrestValidateMethods" time="8.896" errors="0" timestamp="2023-12-18T15:29:13 IST" skipped="0">
  <testcase classname="restassuredscripts.Script007HamcrestValidateMethods" name="ValidateResponseBody" time="5.622"/>
  <system-out/>
  <testcase classname="restassuredscripts.Script007HamcrestValidateMethods" name="ValidateResponseBody_equalTo" time="1.692"/>
  <system-out/>
  <testcase classname="restassuredscripts.Script007HamcrestValidateMethods" name="ValidateResponseBody_hasItems" time="1.582"/>
  <system-out/>
</testsuite> <!-- restassuredscripts.Script007HamcrestValidateMethods -->
