<?xml version="1.0" encoding="UTF-8"?>
<!-- Generated by org.testng.reporters.JUnitReportReporter -->
<testsuite hostname="Anshul-Laptop" failures="0" tests="1" name="restassuredscripts.Script010_LoggingMethods" time="4.651" errors="0" timestamp="2023-12-19T09:30:30 IST" skipped="0">
  <testcase classname="restassuredscripts.Script010_LoggingMethods" name="LoggingRestAssured" time="4.651"/>
  <system-out/>
</testsuite> <!-- restassuredscripts.Script010_LoggingMethods -->
