<?xml version="1.0" encoding="UTF-8"?>
<!-- Generated by org.testng.reporters.JUnitReportReporter -->
<testsuite hostname="Anshul-Laptop" failures="0" tests="1" name="restassuredscripts.Script003PostMethod" time="4.398" errors="0" timestamp="2023-12-15T12:07:11 IST" skipped="0">
  <testcase classname="restassuredscripts.Script003PostMethod" name="postMethod" time="4.398"/>
  <system-out/>
</testsuite> <!-- restassuredscripts.Script003PostMethod -->
